09:20 - 11:00 Введение
11:00 - 11:15 Упражнения
11:15 - 11:35 Перерыв
11:35 - 12:30 Скаляры
12:30 - 13:30 Обеденный перерыв
13:30 - 14:10 Упражнения
14:10 - 14:30 Решения
14:30 - 14:40 Перерыв
14:40 - 15:40 Массивы
15:40 - 17:00 Упражнения
17:00 - 17:30 Решения

09:30 - 10:30 Углубленное изучение массивов
10:30 - 10:50 Перерыв
10:50 - 11:05 Упражнения
11:05 - 11:30 Решения
11:30 - 12:30 Скаляры
12:30 - 13:30 Обеденный перерыв
13:30 - 14:10 Упражнения
14:10 - 14:30 Решения
14:30 - 14:40 Перерыв
14:40 - 15:40 Массивы
15:40 - 17:00 Упражнения
17:00 - 17:30 Решения

08:20 - 09:00 Введение
09:00 - 09:30 Упражнения
09:30 - 09:50 Перерыв
09:50 - 10:50 Скаляры
10:50 - 11:50 Обеденный перерыв
11:50 - 12:20 Упражнения
12:20 - 13:00 Решения
13:00 - 13:20 Перерыв
13:20 - 14:20 Массивы
14:20 - 15:00 Упражнения
15:00 - 15:50 Решения

09:00 - 09:30 Введение
09:30 - 10:15 Упражнения
10:15 - 10:30 Перерыв
10:30 - 11:30 Массивы
11:30 - 12:30 Обеденный перерыв
12:30 - 13:10 Упражнения
13:10 - 13:50 Решения
13:50 - 14:15 Перерыв
14:15 - 14:40 Массивы
14:40 - 15:00 Упражнения
15:00 - 15:30 Решения
