09:20 Введение
11:00 Упражнения
11:15 Перерыв
11:35 Скаляры
12:30 Обеденный перерыв
13:30 Упражнения
14:10 Решения
14:30 Перерыв
14:40 Массивы
15:40 Упражнения
17:00 Решения
17:30 Конец

09:30 Углубленное изучение массивов
10:30 Перерыв
10:50 Упражнения
11:05 Решения
11:30 Скаляры
12:30 Обеденный перерыв
13:30 Упражнения
14:10 Решения
14:30 Перерыв
14:40 Массивы
15:40 Упражнения
17:00 Решения
17:30 Конец

08:20 Введение
09:00 Упражнения
09:30 Перерыв
09:50 Скаляры
10:50 Обеденный перерыв
11:50 Упражнения
12:20 Решения
13:00 Перерыв
13:20 Массивы
14:20 Упражнения
15:00 Решения
15:50 Конец

09:00 Введение
09:30 Упражнения
10:15 Перерыв
10:30 Массивы
11:30 Обеденный перерыв
12:30 Упражнения
13:10 Решения
13:50 Перерыв
14:15 Массивы
14:40 Упражнения
15:00 Решения
15:30 Конец