Общее время: 490 минут 
Лекции: 215 минут 43,88%
   Введение: 100 минут 46,51%
   Скаляры: 55 минут 25,58%
   Массивы: 60 минут 27,91%
Перерывы: 90 минут 18,37%
Практики: 185 минут 37,76%

Общее время: 480 минут 
Лекции: 180 минут 37,50%
   Скаляры: 60 минут 33,33%
   Углубленное изучение массивов: 60 минут 33,33%
   Массивы: 60 минут 33,33%
Перерывы: 90 минут 18,75%
Практики: 210 минут 43,75%

Общее время: 450 минут 
Лекции: 160 минут 35,56%
   Введение: 40 минут 25,00%
   Скаляры: 60 минут 37,50%
   Массивы: 60 минут 37,50%
Перерывы: 100 минут 22,22%
Практики: 190 минут 42,22%

Общее время: 390 минут 
Лекции: 115 минут 29,49%
   Введение: 30 минут 26,09%
   Массивы: 85 минут 73,91%
Перерывы: 100 минут 25,64%
Практики: 175 минут 44,87%

